Flow report for laba4
Thu May 18 23:57:19 2017
Quartus II Version 9.1 Build 350 03/24/2010 Service Pack 2 SJ Web Edition


---------------------
; Table of Contents ;
---------------------
  1. Legal Notice
  2. Flow Summary
  3. Flow Settings
  4. Flow Non-Default Global Settings
  5. Flow Elapsed Time
  6. Flow OS Summary
  7. Flow Log



----------------
; Legal Notice ;
----------------
Copyright (C) 1991-2010 Altera Corporation
Your use of Altera Corporation's design tools, logic functions 
and other software and tools, and its AMPP partner logic 
functions, and any output files from any of the foregoing 
(including device programming or simulation files), and any 
associated documentation or information are expressly subject 
to the terms and conditions of the Altera Program License 
Subscription Agreement, Altera MegaCore Function License 
Agreement, or other applicable license agreement, including, 
without limitation, that your use is for the sole purpose of 
programming logic devices manufactured by Altera and sold by 
Altera or its authorized distributors.  Please refer to the 
applicable agreement for further details.



+------------------------------------------------------------------------------+
; Flow Summary                                                                 ;
+-------------------------------+----------------------------------------------+
; Flow Status                   ; Successful - Thu May 18 23:57:19 2017        ;
; Quartus II Version            ; 9.1 Build 350 03/24/2010 SP 2 SJ Web Edition ;
; Revision Name                 ; laba4                                        ;
; Top-level Entity Name         ; pc                                           ;
; Family                        ; Stratix II                                   ;
; Met timing requirements       ; Yes                                          ;
; Logic utilization             ; < 1 %                                        ;
;     Combinational ALUTs       ; 1 / 12,480 ( < 1 % )                         ;
;     Dedicated logic registers ; 0 / 12,480 ( 0 % )                           ;
; Total registers               ; 0                                            ;
; Total pins                    ; 126 / 343 ( 37 % )                           ;
; Total virtual pins            ; 0                                            ;
; Total block memory bits       ; 32 / 419,328 ( < 1 % )                       ;
; DSP block 9-bit elements      ; 0 / 96 ( 0 % )                               ;
; Total PLLs                    ; 0 / 6 ( 0 % )                                ;
; Total DLLs                    ; 0 / 2 ( 0 % )                                ;
; Device                        ; EP2S15F484C3                                 ;
; Timing Models                 ; Final                                        ;
+-------------------------------+----------------------------------------------+


+-----------------------------------------+
; Flow Settings                           ;
+-------------------+---------------------+
; Option            ; Setting             ;
+-------------------+---------------------+
; Start date & time ; 05/18/2017 23:56:57 ;
; Main task         ; Compilation         ;
; Revision Name     ; laba4               ;
+-------------------+---------------------+


+-------------------------------------------------------------------------------------------------------------------------+
; Flow Non-Default Global Settings                                                                                        ;
+------------------------------------+-------------------------------------+---------------+-------------+----------------+
; Assignment Name                    ; Value                               ; Default Value ; Entity Name ; Section Id     ;
+------------------------------------+-------------------------------------+---------------+-------------+----------------+
; COMPILER_SIGNATURE_ID              ; 127729692120457.149514101700434     ; --            ; --          ; --             ;
; IP_TOOL_NAME                       ; LPM_COUNTER                         ; --            ; --          ; --             ;
; IP_TOOL_NAME                       ; LPM_BUSTRI                          ; --            ; --          ; --             ;
; IP_TOOL_NAME                       ; LPM_ROM                             ; --            ; --          ; --             ;
; IP_TOOL_NAME                       ; LPM_COUNTER                         ; --            ; --          ; --             ;
; IP_TOOL_NAME                       ; LPM_BUSTRI                          ; --            ; --          ; --             ;
; IP_TOOL_NAME                       ; LPM_COUNTER                         ; --            ; --          ; --             ;
; IP_TOOL_NAME                       ; LPM_BUSTRI                          ; --            ; --          ; --             ;
; IP_TOOL_NAME                       ; LPM_BUSTRI                          ; --            ; --          ; --             ;
; IP_TOOL_NAME                       ; LPM_DECODE                          ; --            ; --          ; --             ;
; IP_TOOL_NAME                       ; LPM_BUSTRI                          ; --            ; --          ; --             ;
; IP_TOOL_NAME                       ; LPM_FF                              ; --            ; --          ; --             ;
; IP_TOOL_NAME                       ; LPM_FF                              ; --            ; --          ; --             ;
; IP_TOOL_NAME                       ; LPM_FF                              ; --            ; --          ; --             ;
; IP_TOOL_NAME                       ; LPM_ADD_SUB                         ; --            ; --          ; --             ;
; IP_TOOL_NAME                       ; LPM_ADD_SUB                         ; --            ; --          ; --             ;
; IP_TOOL_NAME                       ; LPM_BUSTRI                          ; --            ; --          ; --             ;
; IP_TOOL_NAME                       ; LPM_DECODE                          ; --            ; --          ; --             ;
; IP_TOOL_NAME                       ; LPM_COUNTER                         ; --            ; --          ; --             ;
; IP_TOOL_NAME                       ; LPM_CONSTANT                        ; --            ; --          ; --             ;
; IP_TOOL_NAME                       ; LPM_DECODE                          ; --            ; --          ; --             ;
; IP_TOOL_NAME                       ; LPM_RAM_DQ                          ; --            ; --          ; --             ;
; IP_TOOL_NAME                       ; ALTSYNCRAM                          ; --            ; --          ; --             ;
; IP_TOOL_NAME                       ; LPM_BUSTRI                          ; --            ; --          ; --             ;
; IP_TOOL_NAME                       ; LPM_FF                              ; --            ; --          ; --             ;
; IP_TOOL_NAME                       ; LPM_BUSTRI                          ; --            ; --          ; --             ;
; IP_TOOL_NAME                       ; LPM_MUX                             ; --            ; --          ; --             ;
; IP_TOOL_NAME                       ; LPM_DECODE                          ; --            ; --          ; --             ;
; IP_TOOL_NAME                       ; LPM_BUSTRI                          ; --            ; --          ; --             ;
; IP_TOOL_NAME                       ; LPM_BUSTRI                          ; --            ; --          ; --             ;
; IP_TOOL_NAME                       ; LPM_CONSTANT                        ; --            ; --          ; --             ;
; IP_TOOL_NAME                       ; LPM_OR                              ; --            ; --          ; --             ;
; IP_TOOL_NAME                       ; LPM_AND                             ; --            ; --          ; --             ;
; IP_TOOL_NAME                       ; LPM_CLSHIFT                         ; --            ; --          ; --             ;
; IP_TOOL_NAME                       ; LPM_ADD_SUB                         ; --            ; --          ; --             ;
; IP_TOOL_NAME                       ; LPM_OR                              ; --            ; --          ; --             ;
; IP_TOOL_NAME                       ; LPM_ADD_SUB                         ; --            ; --          ; --             ;
; IP_TOOL_NAME                       ; LPM_FF                              ; --            ; --          ; --             ;
; IP_TOOL_NAME                       ; LPM_COUNTER                         ; --            ; --          ; --             ;
; IP_TOOL_NAME                       ; LPM_DECODE                          ; --            ; --          ; --             ;
; IP_TOOL_NAME                       ; LPM_COMPARE                         ; --            ; --          ; --             ;
; IP_TOOL_NAME                       ; LPM_COMPARE                         ; --            ; --          ; --             ;
; IP_TOOL_NAME                       ; LPM_ROM                             ; --            ; --          ; --             ;
; IP_TOOL_VERSION                    ; 9.1                                 ; --            ; --          ; --             ;
; IP_TOOL_VERSION                    ; 9.1                                 ; --            ; --          ; --             ;
; IP_TOOL_VERSION                    ; 9.1                                 ; --            ; --          ; --             ;
; IP_TOOL_VERSION                    ; 9.1                                 ; --            ; --          ; --             ;
; IP_TOOL_VERSION                    ; 9.1                                 ; --            ; --          ; --             ;
; IP_TOOL_VERSION                    ; 9.1                                 ; --            ; --          ; --             ;
; IP_TOOL_VERSION                    ; 9.1                                 ; --            ; --          ; --             ;
; IP_TOOL_VERSION                    ; 9.1                                 ; --            ; --          ; --             ;
; IP_TOOL_VERSION                    ; 9.1                                 ; --            ; --          ; --             ;
; IP_TOOL_VERSION                    ; 9.1                                 ; --            ; --          ; --             ;
; IP_TOOL_VERSION                    ; 9.1                                 ; --            ; --          ; --             ;
; IP_TOOL_VERSION                    ; 9.1                                 ; --            ; --          ; --             ;
; IP_TOOL_VERSION                    ; 9.1                                 ; --            ; --          ; --             ;
; IP_TOOL_VERSION                    ; 9.1                                 ; --            ; --          ; --             ;
; IP_TOOL_VERSION                    ; 9.1                                 ; --            ; --          ; --             ;
; IP_TOOL_VERSION                    ; 9.1                                 ; --            ; --          ; --             ;
; IP_TOOL_VERSION                    ; 9.1                                 ; --            ; --          ; --             ;
; IP_TOOL_VERSION                    ; 9.1                                 ; --            ; --          ; --             ;
; IP_TOOL_VERSION                    ; 9.1                                 ; --            ; --          ; --             ;
; IP_TOOL_VERSION                    ; 9.1                                 ; --            ; --          ; --             ;
; IP_TOOL_VERSION                    ; 9.1                                 ; --            ; --          ; --             ;
; IP_TOOL_VERSION                    ; 9.1                                 ; --            ; --          ; --             ;
; IP_TOOL_VERSION                    ; 9.1                                 ; --            ; --          ; --             ;
; IP_TOOL_VERSION                    ; 9.1                                 ; --            ; --          ; --             ;
; IP_TOOL_VERSION                    ; 9.1                                 ; --            ; --          ; --             ;
; IP_TOOL_VERSION                    ; 9.1                                 ; --            ; --          ; --             ;
; IP_TOOL_VERSION                    ; 9.1                                 ; --            ; --          ; --             ;
; IP_TOOL_VERSION                    ; 9.1                                 ; --            ; --          ; --             ;
; IP_TOOL_VERSION                    ; 9.1                                 ; --            ; --          ; --             ;
; IP_TOOL_VERSION                    ; 9.1                                 ; --            ; --          ; --             ;
; IP_TOOL_VERSION                    ; 9.1                                 ; --            ; --          ; --             ;
; IP_TOOL_VERSION                    ; 9.1                                 ; --            ; --          ; --             ;
; IP_TOOL_VERSION                    ; 9.1                                 ; --            ; --          ; --             ;
; IP_TOOL_VERSION                    ; 9.1                                 ; --            ; --          ; --             ;
; IP_TOOL_VERSION                    ; 9.1                                 ; --            ; --          ; --             ;
; IP_TOOL_VERSION                    ; 9.1                                 ; --            ; --          ; --             ;
; IP_TOOL_VERSION                    ; 9.1                                 ; --            ; --          ; --             ;
; IP_TOOL_VERSION                    ; 9.1                                 ; --            ; --          ; --             ;
; IP_TOOL_VERSION                    ; 9.1                                 ; --            ; --          ; --             ;
; IP_TOOL_VERSION                    ; 9.1                                 ; --            ; --          ; --             ;
; IP_TOOL_VERSION                    ; 9.1                                 ; --            ; --          ; --             ;
; IP_TOOL_VERSION                    ; 9.1                                 ; --            ; --          ; --             ;
; MISC_FILE                          ; counter4.bsf                        ; --            ; --          ; --             ;
; MISC_FILE                          ; counter4.cmp                        ; --            ; --          ; --             ;
; MISC_FILE                          ; lpm_bustri0.bsf                     ; --            ; --          ; --             ;
; MISC_FILE                          ; lpm_bustri0.cmp                     ; --            ; --          ; --             ;
; MISC_FILE                          ; lpm_rom0.bsf                        ; --            ; --          ; --             ;
; MISC_FILE                          ; lpm_rom0.cmp                        ; --            ; --          ; --             ;
; MISC_FILE                          ; lpm_counter0.bsf                    ; --            ; --          ; --             ;
; MISC_FILE                          ; lpm_counter0.cmp                    ; --            ; --          ; --             ;
; MISC_FILE                          ; lpm_bustri1.bsf                     ; --            ; --          ; --             ;
; MISC_FILE                          ; lpm_bustri1.cmp                     ; --            ; --          ; --             ;
; MISC_FILE                          ; lpm_counter1.bsf                    ; --            ; --          ; --             ;
; MISC_FILE                          ; lpm_counter1.cmp                    ; --            ; --          ; --             ;
; MISC_FILE                          ; lpm_bustri2.bsf                     ; --            ; --          ; --             ;
; MISC_FILE                          ; lpm_bustri2.cmp                     ; --            ; --          ; --             ;
; MISC_FILE                          ; lpm_bustri3.bsf                     ; --            ; --          ; --             ;
; MISC_FILE                          ; lpm_bustri3.cmp                     ; --            ; --          ; --             ;
; MISC_FILE                          ; lpm_decode0.bsf                     ; --            ; --          ; --             ;
; MISC_FILE                          ; lpm_decode0.cmp                     ; --            ; --          ; --             ;
; MISC_FILE                          ; lpm_bustri4.bsf                     ; --            ; --          ; --             ;
; MISC_FILE                          ; lpm_bustri4.cmp                     ; --            ; --          ; --             ;
; MISC_FILE                          ; lpm_dff1.bsf                        ; --            ; --          ; --             ;
; MISC_FILE                          ; lpm_dff1.cmp                        ; --            ; --          ; --             ;
; MISC_FILE                          ; lpm_dff2.bsf                        ; --            ; --          ; --             ;
; MISC_FILE                          ; lpm_dff2.cmp                        ; --            ; --          ; --             ;
; MISC_FILE                          ; lpm_dff3.bsf                        ; --            ; --          ; --             ;
; MISC_FILE                          ; lpm_dff3.cmp                        ; --            ; --          ; --             ;
; MISC_FILE                          ; lpm_add_sub0.bsf                    ; --            ; --          ; --             ;
; MISC_FILE                          ; lpm_add_sub0.cmp                    ; --            ; --          ; --             ;
; MISC_FILE                          ; lpm_add_sub1.bsf                    ; --            ; --          ; --             ;
; MISC_FILE                          ; lpm_add_sub1.cmp                    ; --            ; --          ; --             ;
; MISC_FILE                          ; lpm_bustri5.bsf                     ; --            ; --          ; --             ;
; MISC_FILE                          ; lpm_bustri5.cmp                     ; --            ; --          ; --             ;
; MISC_FILE                          ; lpm_decode1.bsf                     ; --            ; --          ; --             ;
; MISC_FILE                          ; lpm_decode1.cmp                     ; --            ; --          ; --             ;
; MISC_FILE                          ; lpm_counter2.bsf                    ; --            ; --          ; --             ;
; MISC_FILE                          ; lpm_counter2.cmp                    ; --            ; --          ; --             ;
; MISC_FILE                          ; lpm_constant0.bsf                   ; --            ; --          ; --             ;
; MISC_FILE                          ; lpm_constant0.cmp                   ; --            ; --          ; --             ;
; MISC_FILE                          ; lpm_decode2.bsf                     ; --            ; --          ; --             ;
; MISC_FILE                          ; lpm_decode2.cmp                     ; --            ; --          ; --             ;
; MISC_FILE                          ; lpm_ram_dq0.bsf                     ; --            ; --          ; --             ;
; MISC_FILE                          ; lpm_ram_dq0.cmp                     ; --            ; --          ; --             ;
; MISC_FILE                          ; altsyncram0.bsf                     ; --            ; --          ; --             ;
; MISC_FILE                          ; altsyncram0.cmp                     ; --            ; --          ; --             ;
; MISC_FILE                          ; lpm_bustri6.bsf                     ; --            ; --          ; --             ;
; MISC_FILE                          ; lpm_bustri6.cmp                     ; --            ; --          ; --             ;
; MISC_FILE                          ; lpm_dff5.tdf                        ; --            ; --          ; --             ;
; MISC_FILE                          ; lpm_dff5.bsf                        ; --            ; --          ; --             ;
; MISC_FILE                          ; lpm_dff5.inc                        ; --            ; --          ; --             ;
; MISC_FILE                          ; lpm_bustri7.tdf                     ; --            ; --          ; --             ;
; MISC_FILE                          ; lpm_bustri7.bsf                     ; --            ; --          ; --             ;
; MISC_FILE                          ; lpm_bustri7.inc                     ; --            ; --          ; --             ;
; MISC_FILE                          ; mux10.tdf                           ; --            ; --          ; --             ;
; MISC_FILE                          ; mux10.bsf                           ; --            ; --          ; --             ;
; MISC_FILE                          ; mux10.cmp                           ; --            ; --          ; --             ;
; MISC_FILE                          ; Z:/home/archer/labs/laba4/laba4.dpf ; --            ; --          ; --             ;
; MISC_FILE                          ; lpm_decode3.tdf                     ; --            ; --          ; --             ;
; MISC_FILE                          ; lpm_decode3.bsf                     ; --            ; --          ; --             ;
; MISC_FILE                          ; lpm_decode3.cmp                     ; --            ; --          ; --             ;
; MISC_FILE                          ; lpm_bustri8.tdf                     ; --            ; --          ; --             ;
; MISC_FILE                          ; lpm_bustri8.bsf                     ; --            ; --          ; --             ;
; MISC_FILE                          ; lpm_bustri8.cmp                     ; --            ; --          ; --             ;
; MISC_FILE                          ; lpm_bustri9.tdf                     ; --            ; --          ; --             ;
; MISC_FILE                          ; lpm_bustri9.bsf                     ; --            ; --          ; --             ;
; MISC_FILE                          ; lpm_bustri9.cmp                     ; --            ; --          ; --             ;
; MISC_FILE                          ; lpm_constant1.tdf                   ; --            ; --          ; --             ;
; MISC_FILE                          ; lpm_constant1.bsf                   ; --            ; --          ; --             ;
; MISC_FILE                          ; lpm_constant1.cmp                   ; --            ; --          ; --             ;
; MISC_FILE                          ; or_9.bsf                            ; --            ; --          ; --             ;
; MISC_FILE                          ; or_9.cmp                            ; --            ; --          ; --             ;
; MISC_FILE                          ; and32.bsf                           ; --            ; --          ; --             ;
; MISC_FILE                          ; and32.cmp                           ; --            ; --          ; --             ;
; MISC_FILE                          ; myshift.bsf                         ; --            ; --          ; --             ;
; MISC_FILE                          ; myshift.cmp                         ; --            ; --          ; --             ;
; MISC_FILE                          ; lpm_add_sub2.bsf                    ; --            ; --          ; --             ;
; MISC_FILE                          ; lpm_add_sub2.cmp                    ; --            ; --          ; --             ;
; MISC_FILE                          ; or_10.bsf                           ; --            ; --          ; --             ;
; MISC_FILE                          ; or_10.cmp                           ; --            ; --          ; --             ;
; MISC_FILE                          ; lpm_add_sub3.bsf                    ; --            ; --          ; --             ;
; MISC_FILE                          ; lpm_add_sub3.cmp                    ; --            ; --          ; --             ;
; MISC_FILE                          ; lpm_dff6.bsf                        ; --            ; --          ; --             ;
; MISC_FILE                          ; lpm_dff6.cmp                        ; --            ; --          ; --             ;
; MISC_FILE                          ; lpm_counter3.bsf                    ; --            ; --          ; --             ;
; MISC_FILE                          ; lpm_counter3.cmp                    ; --            ; --          ; --             ;
; MISC_FILE                          ; lpm_decode4.bsf                     ; --            ; --          ; --             ;
; MISC_FILE                          ; lpm_decode4.cmp                     ; --            ; --          ; --             ;
; MISC_FILE                          ; lpm_compare0.bsf                    ; --            ; --          ; --             ;
; MISC_FILE                          ; lpm_compare0.cmp                    ; --            ; --          ; --             ;
; MISC_FILE                          ; lpm_compare1.bsf                    ; --            ; --          ; --             ;
; MISC_FILE                          ; lpm_compare1.cmp                    ; --            ; --          ; --             ;
; MISC_FILE                          ; lpm_rom2.bsf                        ; --            ; --          ; --             ;
; MISC_FILE                          ; lpm_rom2.cmp                        ; --            ; --          ; --             ;
; PARTITION_COLOR                    ; 16764057                            ; --            ; pc          ; Top            ;
; PARTITION_NETLIST_TYPE             ; SOURCE                              ; --            ; pc          ; Top            ;
; TOP_LEVEL_ENTITY                   ; pc                                  ; laba4         ; --          ; --             ;
; USE_GENERATED_PHYSICAL_CONSTRAINTS ; Off                                 ; --            ; --          ; eda_blast_fpga ;
+------------------------------------+-------------------------------------+---------------+-------------+----------------+


+-----------------------------------------------------------------------------------------------------------------------------+
; Flow Elapsed Time                                                                                                           ;
+-------------------------+--------------+-------------------------+---------------------+------------------------------------+
; Module Name             ; Elapsed Time ; Average Processors Used ; Peak Virtual Memory ; Total CPU Time (on all processors) ;
+-------------------------+--------------+-------------------------+---------------------+------------------------------------+
; Analysis & Synthesis    ; 00:00:08     ; 1.0                     ; 0 MB                ; 00:00:00                           ;
; Fitter                  ; 00:00:06     ; 1.0                     ; 0 MB                ; 00:00:00                           ;
; Assembler               ; 00:00:02     ; 1.0                     ; 0 MB                ; 00:00:02                           ;
; Classic Timing Analyzer ; 00:00:00     ; 1.0                     ; 0 MB                ; 00:00:00                           ;
; Total                   ; 00:00:16     ; --                      ; --                  ; 00:00:02                           ;
+-------------------------+--------------+-------------------------+---------------------+------------------------------------+


+------------------------------------------------------------------------------------------+
; Flow OS Summary                                                                          ;
+-------------------------+------------------+---------------+------------+----------------+
; Module Name             ; Machine Hostname ; OS Name       ; OS Version ; Processor type ;
+-------------------------+------------------+---------------+------------+----------------+
; Analysis & Synthesis    ; localhost        ; Windows Vista ; 6.1        ; x86_64         ;
; Fitter                  ; localhost        ; Windows Vista ; 6.1        ; x86_64         ;
; Assembler               ; localhost        ; Windows Vista ; 6.1        ; x86_64         ;
; Classic Timing Analyzer ; localhost        ; Windows Vista ; 6.1        ; x86_64         ;
+-------------------------+------------------+---------------+------------+----------------+


------------
; Flow Log ;
------------
quartus_map --read_settings_files=on --write_settings_files=off laba4 -c laba4
quartus_fit --read_settings_files=off --write_settings_files=off laba4 -c laba4
quartus_asm --read_settings_files=off --write_settings_files=off laba4 -c laba4
quartus_tan --read_settings_files=off --write_settings_files=off laba4 -c laba4 --timing_analysis_only



